<?xml version="1.0" encoding="UTF-8"?>
<!-- Generated by org.testng.reporters.JUnitReportReporter -->
<testsuite hostname="DESKTOP-T7HJGRI" failures="0" tests="1" name="assignment.LayoutOneTest" time="5.258" errors="0" timestamp="2023-10-17T18:31:36 IST" skipped="0">
  <testcase classname="assignment.LayoutOneTest" name="layoutoneScript" time="5.258"/>
  <system-out/>
</testsuite> <!-- assignment.LayoutOneTest -->
