<?xml version="1.0" encoding="UTF-8"?>
<!-- Generated by org.testng.reporters.JUnitReportReporter -->
<testsuite hostname="DESKTOP-T7HJGRI" failures="0" tests="1" name="assignment.LayoutThreeTest" time="4.550" errors="0" timestamp="2023-10-17T23:05:23 IST" skipped="0">
  <testcase classname="assignment.LayoutThreeTest" name="layoutTest" time="4.550"/>
  <system-out/>
</testsuite> <!-- assignment.LayoutThreeTest -->
